0 silly argv {
0 silly argv   _: [ 'run' ],
0 silly argv   parallel: true,
0 silly argv   lernaVersion: '4.0.0',
0 silly argv   '$0': '/Users/matthew/Documents/workspace/mono-repo-vue3/node_modules/.bin/lerna',
0 silly argv   script: 'serve'
0 silly argv }
1 notice cli v4.0.0
2 verbose rootPath /Users/matthew/Documents/workspace/mono-repo-vue3
3 error JSONError: Unexpected token "}" (0x7D) in JSON at position 279 while parsing near "...pendencies\": \"*\",\n  }\n}\n" in packages/sliderWithDraggableBar/package.json
3 error
3 error [0m [90m 10 |[39m   [32m"dependencies"[39m[33m:[39m {[0m
3 error [0m [90m 11 |[39m     [32m"shared-dependencies"[39m[33m:[39m [32m"*"[39m[33m,[39m[0m
3 error [0m[31m[1m>[22m[39m[90m 12 |[39m   }[0m
3 error [0m [90m    |[39m   [31m[1m^[22m[39m[0m
3 error [0m [90m 13 |[39m }[0m
3 error [0m [90m 14 |[39m[0m
3 error
3 error     at parseJson (/Users/matthew/Documents/workspace/mono-repo-vue3/node_modules/parse-json/index.js:29:21)
3 error     at parse (/Users/matthew/Documents/workspace/mono-repo-vue3/node_modules/load-json-file/index.js:15:9)
3 error     at module.exports (/Users/matthew/Documents/workspace/mono-repo-vue3/node_modules/load-json-file/index.js:18:47)
