Arguments: 
  /usr/local/bin/node /opt/homebrew/Cellar/yarn/1.22.17_2/libexec/bin/yarn.js

PATH: 
  /opt/homebrew/bin:/opt/homebrew/sbin:/usr/local/bin:/usr/bin:/bin:/usr/sbin:/sbin:/Library/Apple/usr/bin:/Users/matthew/Documents/workspace/mono-repo-vue3/node_modules/.bin:/Users/matthew/Development/flutter/bin

Yarn version: 
  1.22.17

Node version: 
  14.17.0

Platform: 
  darwin x64

Trace: 
  SyntaxError: /Users/matthew/Documents/workspace/mono-repo-vue3/packages/sliderWithDraggableBar/package.json: Unexpected token } in JSON at position 281
      at JSON.parse (<anonymous>)
      at /opt/homebrew/Cellar/yarn/1.22.17_2/libexec/lib/cli.js:1625:59
      at Generator.next (<anonymous>)
      at step (/opt/homebrew/Cellar/yarn/1.22.17_2/libexec/lib/cli.js:310:30)
      at /opt/homebrew/Cellar/yarn/1.22.17_2/libexec/lib/cli.js:321:13

npm manifest: 
  {
    "name": "slider-with-draggable-bar",
    "version": "0.1.0",
    "private": true,
    "scripts": {
      "serve": "vue-cli-service serve --port=8082",
      "build": "vue-cli-service build",
      "lint": "vue-cli-service lint"
    },
    "dependencies": {
      "shared-dependencies": "*"
    },
  }

yarn manifest: 
  No manifest

Lockfile: 
  No lockfile
